<?xml version="1.0"?>

<Logging name="Test" version="1.0">
    <Variable name="temperature" type="signed8" units="C" comment="Servo Temperature"/>
    <Variable name="voltage" type="unsigned16"/>
    <Variable name="current" type="unsigned8" scaler="2" units="Amps" comment="Current in 0.5A increments"/>
    <Variable name="monkeys" type="unsigned8"/>
    <Variable name="uptime" type="unsigned32" comment="Amount of time the system has been alive" units="ms"/>
    <Variable name="power" type="signed16" units="kW" scaler="1000"/>
    <Variable name="data 1" type="unsigned8"/>
    <Variable name="data 2" type="unsigned8"/>
    <Variable name="data 3" type="unsigned8"/>
    <Variable name="data 4" type="unsigned8"/>
    
    <Variable name="Scaled Variable" type="signed32" scaler="250"/>
</Logging>